{"uuid":"e9bc6d4d-f593-49c8-a731-dd50cd28bf65","historyId":"f1fdcabe8428bf506fca56e12189a03c","fullName":"TestPackge.TestHome.fillTheForm","labels":[{"name":"package","value":"TestPackge.TestHome"},{"name":"testClass","value":"TestPackge.TestHome"},{"name":"testMethod","value":"fillTheForm"},{"name":"parentSuite","value":"Default suite"},{"name":"suite","value":"Default test"},{"name":"subSuite","value":"TestPackge.TestHome"},{"name":"host","value":"Rahman2202"},{"name":"thread","value":"41980@Rahman2202.main(1)"},{"name":"framework","value":"testng"},{"name":"language","value":"java"}],"links":[],"name":"fillTheForm","status":"broken","statusDetails":{"known":false,"muted":false,"flaky":false,"message":"Error {\n  message='Error: strict mode violation: getByText(\"gender\") resolved to 2 elements:\n    1) <label for=\"gender\">Gender</label> aka getByText(\"Gender\", new Page.GetByTextOptions().setExact(true))\n    2) <option value=\"\">Select Gender</option> aka getByLabel(\"Gender\")\n\n  name='Error\n  stack='Error: Error: strict mode violation: getByText(\"gender\") resolved to 2 elements:\n    1) <label for=\"gender\">Gender</label> aka getByText(\"Gender\", new Page.GetByTextOptions().setExact(true))\n    2) <option value=\"\">Select Gender</option> aka getByLabel(\"Gender\")\n\n    at checkException (C:\\Users\\mofiz\\AppData\\Local\\Temp\\playwright-java-14110507201333450513\\package\\lib\\server\\firefox\\ffExecutionContext.js:105:11)\n    at FFExecutionContext.evaluateWithArguments (C:\\Users\\mofiz\\AppData\\Local\\Temp\\playwright-java-14110507201333450513\\package\\lib\\server\\firefox\\ffExecutionContext.js:75:5)\n    at async LongStandingScope._race (C:\\Users\\mofiz\\AppData\\Local\\Temp\\playwright-java-14110507201333450513\\package\\lib\\utils\\isomorphic\\manualPromise.js:94:14)\n    at async evaluateExpression (C:\\Users\\mofiz\\AppData\\Local\\Temp\\playwright-java-14110507201333450513\\package\\lib\\server\\javascript.js:217:12)\n    at async C:\\Users\\mofiz\\AppData\\Local\\Temp\\playwright-java-14110507201333450513\\package\\lib\\server\\frames.js:901:22\n    at async Frame.retryWithProgressAndTimeouts (C:\\Users\\mofiz\\AppData\\Local\\Temp\\playwright-java-14110507201333450513\\package\\lib\\server\\frames.js:871:24)\n    at async Frame.hover (C:\\Users\\mofiz\\AppData\\Local\\Temp\\playwright-java-14110507201333450513\\package\\lib\\server\\frames.js:1096:27)\n    at async FrameDispatcher.hover (C:\\Users\\mofiz\\AppData\\Local\\Temp\\playwright-java-14110507201333450513\\package\\lib\\server\\dispatchers\\frameDispatcher.js:177:12)\n    at async ProgressController.run (C:\\Users\\mofiz\\AppData\\Local\\Temp\\playwright-java-14110507201333450513\\package\\lib\\server\\progress.js:139:41)\n    at async FrameDispatcher._runCommand (C:\\Users\\mofiz\\AppData\\Local\\Temp\\playwright-java-14110507201333450513\\package\\lib\\server\\dispatchers\\dispatcher.js:91:14)\n}\nCall log:\n-   - waiting for getByText(\"gender\")\n","trace":"com.microsoft.playwright.PlaywrightException: Error {\n  message='Error: strict mode violation: getByText(\"gender\") resolved to 2 elements:\n    1) <label for=\"gender\">Gender</label> aka getByText(\"Gender\", new Page.GetByTextOptions().setExact(true))\n    2) <option value=\"\">Select Gender</option> aka getByLabel(\"Gender\")\n\n  name='Error\n  stack='Error: Error: strict mode violation: getByText(\"gender\") resolved to 2 elements:\n    1) <label for=\"gender\">Gender</label> aka getByText(\"Gender\", new Page.GetByTextOptions().setExact(true))\n    2) <option value=\"\">Select Gender</option> aka getByLabel(\"Gender\")\n\n    at checkException (C:\\Users\\mofiz\\AppData\\Local\\Temp\\playwright-java-14110507201333450513\\package\\lib\\server\\firefox\\ffExecutionContext.js:105:11)\n    at FFExecutionContext.evaluateWithArguments (C:\\Users\\mofiz\\AppData\\Local\\Temp\\playwright-java-14110507201333450513\\package\\lib\\server\\firefox\\ffExecutionContext.js:75:5)\n    at async LongStandingScope._race (C:\\Users\\mofiz\\AppData\\Local\\Temp\\playwright-java-14110507201333450513\\package\\lib\\utils\\isomorphic\\manualPromise.js:94:14)\n    at async evaluateExpression (C:\\Users\\mofiz\\AppData\\Local\\Temp\\playwright-java-14110507201333450513\\package\\lib\\server\\javascript.js:217:12)\n    at async C:\\Users\\mofiz\\AppData\\Local\\Temp\\playwright-java-14110507201333450513\\package\\lib\\server\\frames.js:901:22\n    at async Frame.retryWithProgressAndTimeouts (C:\\Users\\mofiz\\AppData\\Local\\Temp\\playwright-java-14110507201333450513\\package\\lib\\server\\frames.js:871:24)\n    at async Frame.hover (C:\\Users\\mofiz\\AppData\\Local\\Temp\\playwright-java-14110507201333450513\\package\\lib\\server\\frames.js:1096:27)\n    at async FrameDispatcher.hover (C:\\Users\\mofiz\\AppData\\Local\\Temp\\playwright-java-14110507201333450513\\package\\lib\\server\\dispatchers\\frameDispatcher.js:177:12)\n    at async ProgressController.run (C:\\Users\\mofiz\\AppData\\Local\\Temp\\playwright-java-14110507201333450513\\package\\lib\\server\\progress.js:139:41)\n    at async FrameDispatcher._runCommand (C:\\Users\\mofiz\\AppData\\Local\\Temp\\playwright-java-14110507201333450513\\package\\lib\\server\\dispatchers\\dispatcher.js:91:14)\n}\nCall log:\n-   - waiting for getByText(\"gender\")\n\r\n\tat com.microsoft.playwright.impl.WaitableResult.get(WaitableResult.java:56)\r\n\tat com.microsoft.playwright.impl.ChannelOwner.runUntil(ChannelOwner.java:138)\r\n\tat com.microsoft.playwright.impl.Connection.sendMessage(Connection.java:131)\r\n\tat com.microsoft.playwright.impl.ChannelOwner.sendMessage(ChannelOwner.java:124)\r\n\tat com.microsoft.playwright.impl.FrameImpl.hoverImpl(FrameImpl.java:438)\r\n\tat com.microsoft.playwright.impl.FrameImpl.hover(FrameImpl.java:429)\r\n\tat com.microsoft.playwright.impl.LocatorImpl.hover(LocatorImpl.java:354)\r\n\tat com.microsoft.playwright.Locator.hover(Locator.java:3821)\r\n\tat Pages.RegstPage.register(RegstPage.java:35)\r\n\tat TestPackge.TestHome.fillTheForm(TestHome.java:35)\r\n\tat java.base/jdk.internal.reflect.NativeMethodAccessorImpl.invoke0(Native Method)\r\n\tat java.base/jdk.internal.reflect.NativeMethodAccessorImpl.invoke(NativeMethodAccessorImpl.java:77)\r\n\tat java.base/jdk.internal.reflect.DelegatingMethodAccessorImpl.invoke(DelegatingMethodAccessorImpl.java:43)\r\n\tat java.base/java.lang.reflect.Method.invoke(Method.java:568)\r\n\tat org.testng.internal.invokers.MethodInvocationHelper.invokeMethod(MethodInvocationHelper.java:141)\r\n\tat org.testng.internal.invokers.TestInvoker.invokeMethod(TestInvoker.java:686)\r\n\tat org.testng.internal.invokers.TestInvoker.invokeTestMethod(TestInvoker.java:230)\r\n\tat org.testng.internal.invokers.MethodRunner.runInSequence(MethodRunner.java:63)\r\n\tat org.testng.internal.invokers.TestInvoker$MethodInvocationAgent.invoke(TestInvoker.java:992)\r\n\tat org.testng.internal.invokers.TestInvoker.invokeTestMethods(TestInvoker.java:203)\r\n\tat org.testng.internal.invokers.TestMethodWorker.invokeTestMethods(TestMethodWorker.java:154)\r\n\tat org.testng.internal.invokers.TestMethodWorker.run(TestMethodWorker.java:134)\r\n\tat java.base/java.util.ArrayList.forEach(ArrayList.java:1511)\r\n\tat org.testng.TestRunner.privateRun(TestRunner.java:739)\r\n\tat org.testng.TestRunner.run(TestRunner.java:614)\r\n\tat org.testng.SuiteRunner.runTest(SuiteRunner.java:421)\r\n\tat org.testng.SuiteRunner.runSequentially(SuiteRunner.java:413)\r\n\tat org.testng.SuiteRunner.privateRun(SuiteRunner.java:373)\r\n\tat org.testng.SuiteRunner.run(SuiteRunner.java:312)\r\n\tat org.testng.SuiteRunnerWorker.runSuite(SuiteRunnerWorker.java:52)\r\n\tat org.testng.SuiteRunnerWorker.run(SuiteRunnerWorker.java:95)\r\n\tat org.testng.TestNG.runSuitesSequentially(TestNG.java:1274)\r\n\tat org.testng.TestNG.runSuitesLocally(TestNG.java:1208)\r\n\tat org.testng.TestNG.runSuites(TestNG.java:1112)\r\n\tat org.testng.TestNG.run(TestNG.java:1079)\r\n\tat org.testng.remote.AbstractRemoteTestNG.run(AbstractRemoteTestNG.java:115)\r\n\tat org.testng.remote.RemoteTestNG.initAndRun(RemoteTestNG.java:293)\r\n\tat org.testng.remote.RemoteTestNG.main(RemoteTestNG.java:91)\r\nCaused by: com.microsoft.playwright.impl.DriverException: Error {\n  message='Error: strict mode violation: getByText(\"gender\") resolved to 2 elements:\n    1) <label for=\"gender\">Gender</label> aka getByText(\"Gender\", new Page.GetByTextOptions().setExact(true))\n    2) <option value=\"\">Select Gender</option> aka getByLabel(\"Gender\")\n\n  name='Error\n  stack='Error: Error: strict mode violation: getByText(\"gender\") resolved to 2 elements:\n    1) <label for=\"gender\">Gender</label> aka getByText(\"Gender\", new Page.GetByTextOptions().setExact(true))\n    2) <option value=\"\">Select Gender</option> aka getByLabel(\"Gender\")\n\n    at checkException (C:\\Users\\mofiz\\AppData\\Local\\Temp\\playwright-java-14110507201333450513\\package\\lib\\server\\firefox\\ffExecutionContext.js:105:11)\n    at FFExecutionContext.evaluateWithArguments (C:\\Users\\mofiz\\AppData\\Local\\Temp\\playwright-java-14110507201333450513\\package\\lib\\server\\firefox\\ffExecutionContext.js:75:5)\n    at async LongStandingScope._race (C:\\Users\\mofiz\\AppData\\Local\\Temp\\playwright-java-14110507201333450513\\package\\lib\\utils\\isomorphic\\manualPromise.js:94:14)\n    at async evaluateExpression (C:\\Users\\mofiz\\AppData\\Local\\Temp\\playwright-java-14110507201333450513\\package\\lib\\server\\javascript.js:217:12)\n    at async C:\\Users\\mofiz\\AppData\\Local\\Temp\\playwright-java-14110507201333450513\\package\\lib\\server\\frames.js:901:22\n    at async Frame.retryWithProgressAndTimeouts (C:\\Users\\mofiz\\AppData\\Local\\Temp\\playwright-java-14110507201333450513\\package\\lib\\server\\frames.js:871:24)\n    at async Frame.hover (C:\\Users\\mofiz\\AppData\\Local\\Temp\\playwright-java-14110507201333450513\\package\\lib\\server\\frames.js:1096:27)\n    at async FrameDispatcher.hover (C:\\Users\\mofiz\\AppData\\Local\\Temp\\playwright-java-14110507201333450513\\package\\lib\\server\\dispatchers\\frameDispatcher.js:177:12)\n    at async ProgressController.run (C:\\Users\\mofiz\\AppData\\Local\\Temp\\playwright-java-14110507201333450513\\package\\lib\\server\\progress.js:139:41)\n    at async FrameDispatcher._runCommand (C:\\Users\\mofiz\\AppData\\Local\\Temp\\playwright-java-14110507201333450513\\package\\lib\\server\\dispatchers\\dispatcher.js:91:14)\n}\nCall log:\n-   - waiting for getByText(\"gender\")\n\r\n\tat com.microsoft.playwright.impl.Connection.dispatch(Connection.java:262)\r\n\tat com.microsoft.playwright.impl.Connection.processOneMessage(Connection.java:214)\r\n\tat com.microsoft.playwright.impl.ChannelOwner.runUntil(ChannelOwner.java:136)\r\n\t... 36 more\r\n"},"stage":"finished","steps":[],"attachments":[],"parameters":[],"start":1756948338070,"stop":1756948338235}