{"uid":"15d87516f083b1cb","name":"testSetup","fullName":"TestClass.TestHome.testSetup","historyId":"5ae80dd891db8f3788ecdbc58038aa4d","time":{"start":1756911164152,"stop":1756911164153,"duration":1},"status":"broken","statusMessage":"Cannot invoke \"String.toLowerCase()\" because \"this.selectedBrowser\" is null","statusTrace":"java.lang.NullPointerException: Cannot invoke \"String.toLowerCase()\" because \"this.selectedBrowser\" is null\r\n\tat InitiatePlaywright.SetUpPlaywright.openBrowser(SetUpPlaywright.java:27)\r\n\tat TestClass.TestHome.testSetup(TestHome.java:23)\r\n\tat java.base/jdk.internal.reflect.NativeMethodAccessorImpl.invoke0(Native Method)\r\n\tat java.base/jdk.internal.reflect.NativeMethodAccessorImpl.invoke(NativeMethodAccessorImpl.java:77)\r\n\tat java.base/jdk.internal.reflect.DelegatingMethodAccessorImpl.invoke(DelegatingMethodAccessorImpl.java:43)\r\n\tat java.base/java.lang.reflect.Method.invoke(Method.java:568)\r\n\tat org.testng.internal.invokers.MethodInvocationHelper.invokeMethod(MethodInvocationHelper.java:141)\r\n\tat org.testng.internal.invokers.MethodInvocationHelper.invokeMethodConsideringTimeout(MethodInvocationHelper.java:71)\r\n\tat org.testng.internal.invokers.ConfigInvoker.invokeConfigurationMethod(ConfigInvoker.java:400)\r\n\tat org.testng.internal.invokers.ConfigInvoker.invokeConfigurations(ConfigInvoker.java:333)\r\n\tat org.testng.TestRunner.invokeTestConfigurations(TestRunner.java:655)\r\n\tat org.testng.TestRunner.beforeRun(TestRunner.java:644)\r\n\tat org.testng.TestRunner.run(TestRunner.java:610)\r\n\tat org.testng.SuiteRunner.runTest(SuiteRunner.java:421)\r\n\tat org.testng.SuiteRunner.runSequentially(SuiteRunner.java:413)\r\n\tat org.testng.SuiteRunner.privateRun(SuiteRunner.java:373)\r\n\tat org.testng.SuiteRunner.run(SuiteRunner.java:312)\r\n\tat org.testng.SuiteRunnerWorker.runSuite(SuiteRunnerWorker.java:52)\r\n\tat org.testng.SuiteRunnerWorker.run(SuiteRunnerWorker.java:95)\r\n\tat org.testng.TestNG.runSuitesSequentially(TestNG.java:1274)\r\n\tat org.testng.TestNG.runSuitesLocally(TestNG.java:1208)\r\n\tat org.testng.TestNG.runSuites(TestNG.java:1112)\r\n\tat org.testng.TestNG.run(TestNG.java:1079)\r\n\tat org.testng.remote.AbstractRemoteTestNG.run(AbstractRemoteTestNG.java:115)\r\n\tat org.testng.remote.RemoteTestNG.initAndRun(RemoteTestNG.java:293)\r\n\tat org.testng.remote.RemoteTestNG.main(RemoteTestNG.java:91)\r\n","flaky":false,"newFailed":false,"newBroken":false,"newPassed":false,"retriesCount":5,"retriesStatusChange":false,"beforeStages":[{"name":"testSetup","time":{"start":1756911158270,"stop":1756911164092,"duration":5822},"description":"","status":"broken","statusMessage":"Cannot invoke \"String.toLowerCase()\" because \"this.selectedBrowser\" is null","statusTrace":"java.lang.NullPointerException: Cannot invoke \"String.toLowerCase()\" because \"this.selectedBrowser\" is null\r\n\tat InitiatePlaywright.SetUpPlaywright.openBrowser(SetUpPlaywright.java:27)\r\n\tat TestClass.TestHome.testSetup(TestHome.java:23)\r\n\tat java.base/jdk.internal.reflect.NativeMethodAccessorImpl.invoke0(Native Method)\r\n\tat java.base/jdk.internal.reflect.NativeMethodAccessorImpl.invoke(NativeMethodAccessorImpl.java:77)\r\n\tat java.base/jdk.internal.reflect.DelegatingMethodAccessorImpl.invoke(DelegatingMethodAccessorImpl.java:43)\r\n\tat java.base/java.lang.reflect.Method.invoke(Method.java:568)\r\n\tat org.testng.internal.invokers.MethodInvocationHelper.invokeMethod(MethodInvocationHelper.java:141)\r\n\tat org.testng.internal.invokers.MethodInvocationHelper.invokeMethodConsideringTimeout(MethodInvocationHelper.java:71)\r\n\tat org.testng.internal.invokers.ConfigInvoker.invokeConfigurationMethod(ConfigInvoker.java:400)\r\n\tat org.testng.internal.invokers.ConfigInvoker.invokeConfigurations(ConfigInvoker.java:333)\r\n\tat org.testng.TestRunner.invokeTestConfigurations(TestRunner.java:655)\r\n\tat org.testng.TestRunner.beforeRun(TestRunner.java:644)\r\n\tat org.testng.TestRunner.run(TestRunner.java:610)\r\n\tat org.testng.SuiteRunner.runTest(SuiteRunner.java:421)\r\n\tat org.testng.SuiteRunner.runSequentially(SuiteRunner.java:413)\r\n\tat org.testng.SuiteRunner.privateRun(SuiteRunner.java:373)\r\n\tat org.testng.SuiteRunner.run(SuiteRunner.java:312)\r\n\tat org.testng.SuiteRunnerWorker.runSuite(SuiteRunnerWorker.java:52)\r\n\tat org.testng.SuiteRunnerWorker.run(SuiteRunnerWorker.java:95)\r\n\tat org.testng.TestNG.runSuitesSequentially(TestNG.java:1274)\r\n\tat org.testng.TestNG.runSuitesLocally(TestNG.java:1208)\r\n\tat org.testng.TestNG.runSuites(TestNG.java:1112)\r\n\tat org.testng.TestNG.run(TestNG.java:1079)\r\n\tat org.testng.remote.AbstractRemoteTestNG.run(AbstractRemoteTestNG.java:115)\r\n\tat org.testng.remote.RemoteTestNG.initAndRun(RemoteTestNG.java:293)\r\n\tat org.testng.remote.RemoteTestNG.main(RemoteTestNG.java:91)\r\n","steps":[],"attachments":[],"parameters":[],"stepsCount":0,"attachmentStep":false,"hasContent":true,"shouldDisplayMessage":true,"attachmentsCount":0}],"afterStages":[],"labels":[{"name":"package","value":"TestClass.TestHome"},{"name":"testClass","value":"TestClass.TestHome"},{"name":"testMethod","value":"testSetup"},{"name":"parentSuite","value":"Default suite"},{"name":"suite","value":"Default test"},{"name":"subSuite","value":"TestClass.TestHome"},{"name":"host","value":"Rahman2202"},{"name":"thread","value":"39540@Rahman2202.main(1)"},{"name":"framework","value":"testng"},{"name":"language","value":"java"},{"name":"AS_ID","value":"-1"},{"name":"resultFormat","value":"allure2"}],"parameters":[],"links":[],"hidden":false,"retry":false,"extra":{"severity":"normal","retries":[{"uid":"dd9e1592aa775cb7","status":"broken","statusDetails":"Cannot invoke \"java.util.Properties.getProperty(String)\" because \"this.prop\" is null","time":{"start":1756911075277,"stop":1756911075279,"duration":2}},{"uid":"24b6976e79f081de","status":"broken","statusDetails":"Cannot invoke \"java.util.Properties.getProperty(String)\" because \"this.prop\" is null","time":{"start":1756910965706,"stop":1756910965708,"duration":2}},{"uid":"d40d9854c54d9e58","status":"broken","statusDetails":"Cannot invoke \"java.util.Properties.getProperty(String)\" because \"this.prop\" is null","time":{"start":1756910822716,"stop":1756910822718,"duration":2}},{"uid":"91b8c2ba8ec6b242","status":"broken","statusDetails":"Cannot invoke \"java.util.Properties.getProperty(String)\" because \"this.prop\" is null","time":{"start":1756910746122,"stop":1756910746124,"duration":2}},{"uid":"27535b5d8501c5c2","status":"broken","statusDetails":"Cannot invoke \"java.util.Properties.getProperty(String)\" because \"this.prop\" is null","time":{"start":1756910657972,"stop":1756910657974,"duration":2}}],"categories":[{"name":"Test defects","matchedStatuses":[]}],"tags":[]},"source":"15d87516f083b1cb.json","parameterValues":[]}