{"uid":"1ce655189f3f6f6b","name":"welcomeMsg","fullName":"TestPackge.AcctPageTesting.welcomeMsg","historyId":"12f8ccf6fc9b4986f898cde52683bbf7","time":{"start":1757007683880,"stop":1757007686463,"duration":2583},"status":"broken","statusMessage":"Error {\n  message='Document.evaluate: The expression is not a legal expression\nqueryAll@debugger eval code:5875:25\n_queryEngineAll@debugger eval code:6558:49\nquerySelectorAll@debugger eval code:6545:30\n@debugger eval code line 291 > eval:2:35\nevaluate@debugger eval code:293:16\n@debugger eval code:1:44\n\n  name='Error\n  stack='Error: Document.evaluate: The expression is not a legal expression\nqueryAll@debugger eval code:5875:25\n_queryEngineAll@debugger eval code:6558:49\nquerySelectorAll@debugger eval code:6545:30\n@debugger eval code line 291 > eval:2:35\nevaluate@debugger eval code:293:16\n@debugger eval code:1:44\n\n    at checkException (C:\\Users\\mofiz\\AppData\\Local\\Temp\\playwright-java-6266657144907837081\\package\\lib\\server\\firefox\\ffExecutionContext.js:105:11)\n    at FFExecutionContext.evaluateWithArguments (C:\\Users\\mofiz\\AppData\\Local\\Temp\\playwright-java-6266657144907837081\\package\\lib\\server\\firefox\\ffExecutionContext.js:75:5)\n    at async LongStandingScope._race (C:\\Users\\mofiz\\AppData\\Local\\Temp\\playwright-java-6266657144907837081\\package\\lib\\utils\\isomorphic\\manualPromise.js:94:14)\n    at async evaluateExpression (C:\\Users\\mofiz\\AppData\\Local\\Temp\\playwright-java-6266657144907837081\\package\\lib\\server\\javascript.js:217:12)\n    at async C:\\Users\\mofiz\\AppData\\Local\\Temp\\playwright-java-6266657144907837081\\package\\lib\\server\\frames.js:901:22\n    at async Frame.retryWithProgressAndTimeouts (C:\\Users\\mofiz\\AppData\\Local\\Temp\\playwright-java-6266657144907837081\\package\\lib\\server\\frames.js:871:24)\n    at async Frame.click (C:\\Users\\mofiz\\AppData\\Local\\Temp\\playwright-java-6266657144907837081\\package\\lib\\server\\frames.js:944:27)\n    at async FrameDispatcher.click (C:\\Users\\mofiz\\AppData\\Local\\Temp\\playwright-java-6266657144907837081\\package\\lib\\server\\dispatchers\\frameDispatcher.js:117:12)\n    at async ProgressController.run (C:\\Users\\mofiz\\AppData\\Local\\Temp\\playwright-java-6266657144907837081\\package\\lib\\server\\progress.js:139:41)\n    at async FrameDispatcher._runCommand (C:\\Users\\mofiz\\AppData\\Local\\Temp\\playwright-java-6266657144907837081\\package\\lib\\server\\dispatchers\\dispatcher.js:91:14)\n}\nCall log:\n-   - waiting for locator(\"//select[@id='userSelect'] option[value='2']\")\n","statusTrace":"com.microsoft.playwright.PlaywrightException: Error {\n  message='Document.evaluate: The expression is not a legal expression\nqueryAll@debugger eval code:5875:25\n_queryEngineAll@debugger eval code:6558:49\nquerySelectorAll@debugger eval code:6545:30\n@debugger eval code line 291 > eval:2:35\nevaluate@debugger eval code:293:16\n@debugger eval code:1:44\n\n  name='Error\n  stack='Error: Document.evaluate: The expression is not a legal expression\nqueryAll@debugger eval code:5875:25\n_queryEngineAll@debugger eval code:6558:49\nquerySelectorAll@debugger eval code:6545:30\n@debugger eval code line 291 > eval:2:35\nevaluate@debugger eval code:293:16\n@debugger eval code:1:44\n\n    at checkException (C:\\Users\\mofiz\\AppData\\Local\\Temp\\playwright-java-6266657144907837081\\package\\lib\\server\\firefox\\ffExecutionContext.js:105:11)\n    at FFExecutionContext.evaluateWithArguments (C:\\Users\\mofiz\\AppData\\Local\\Temp\\playwright-java-6266657144907837081\\package\\lib\\server\\firefox\\ffExecutionContext.js:75:5)\n    at async LongStandingScope._race (C:\\Users\\mofiz\\AppData\\Local\\Temp\\playwright-java-6266657144907837081\\package\\lib\\utils\\isomorphic\\manualPromise.js:94:14)\n    at async evaluateExpression (C:\\Users\\mofiz\\AppData\\Local\\Temp\\playwright-java-6266657144907837081\\package\\lib\\server\\javascript.js:217:12)\n    at async C:\\Users\\mofiz\\AppData\\Local\\Temp\\playwright-java-6266657144907837081\\package\\lib\\server\\frames.js:901:22\n    at async Frame.retryWithProgressAndTimeouts (C:\\Users\\mofiz\\AppData\\Local\\Temp\\playwright-java-6266657144907837081\\package\\lib\\server\\frames.js:871:24)\n    at async Frame.click (C:\\Users\\mofiz\\AppData\\Local\\Temp\\playwright-java-6266657144907837081\\package\\lib\\server\\frames.js:944:27)\n    at async FrameDispatcher.click (C:\\Users\\mofiz\\AppData\\Local\\Temp\\playwright-java-6266657144907837081\\package\\lib\\server\\dispatchers\\frameDispatcher.js:117:12)\n    at async ProgressController.run (C:\\Users\\mofiz\\AppData\\Local\\Temp\\playwright-java-6266657144907837081\\package\\lib\\server\\progress.js:139:41)\n    at async FrameDispatcher._runCommand (C:\\Users\\mofiz\\AppData\\Local\\Temp\\playwright-java-6266657144907837081\\package\\lib\\server\\dispatchers\\dispatcher.js:91:14)\n}\nCall log:\n-   - waiting for locator(\"//select[@id='userSelect'] option[value='2']\")\n\r\n\tat com.microsoft.playwright.impl.WaitableResult.get(WaitableResult.java:56)\r\n\tat com.microsoft.playwright.impl.ChannelOwner.runUntil(ChannelOwner.java:138)\r\n\tat com.microsoft.playwright.impl.Connection.sendMessage(Connection.java:131)\r\n\tat com.microsoft.playwright.impl.ChannelOwner.sendMessage(ChannelOwner.java:124)\r\n\tat com.microsoft.playwright.impl.FrameImpl.clickImpl(FrameImpl.java:241)\r\n\tat com.microsoft.playwright.impl.PageImpl.click(PageImpl.java:680)\r\n\tat com.microsoft.playwright.Page.click(Page.java:3931)\r\n\tat Pages.HomePage.navigateToAccPage(HomePage.java:48)\r\n\tat TestPackge.AcctPageTesting.welcomeMsg(AcctPageTesting.java:22)\r\n\tat java.base/jdk.internal.reflect.NativeMethodAccessorImpl.invoke0(Native Method)\r\n\tat java.base/jdk.internal.reflect.NativeMethodAccessorImpl.invoke(NativeMethodAccessorImpl.java:77)\r\n\tat java.base/jdk.internal.reflect.DelegatingMethodAccessorImpl.invoke(DelegatingMethodAccessorImpl.java:43)\r\n\tat java.base/java.lang.reflect.Method.invoke(Method.java:568)\r\n\tat org.testng.internal.invokers.MethodInvocationHelper.invokeMethod(MethodInvocationHelper.java:141)\r\n\tat org.testng.internal.invokers.TestInvoker.invokeMethod(TestInvoker.java:686)\r\n\tat org.testng.internal.invokers.TestInvoker.invokeTestMethod(TestInvoker.java:230)\r\n\tat org.testng.internal.invokers.MethodRunner.runInSequence(MethodRunner.java:63)\r\n\tat org.testng.internal.invokers.TestInvoker$MethodInvocationAgent.invoke(TestInvoker.java:992)\r\n\tat org.testng.internal.invokers.TestInvoker.invokeTestMethods(TestInvoker.java:203)\r\n\tat org.testng.internal.invokers.TestMethodWorker.invokeTestMethods(TestMethodWorker.java:154)\r\n\tat org.testng.internal.invokers.TestMethodWorker.run(TestMethodWorker.java:134)\r\n\tat java.base/java.util.ArrayList.forEach(ArrayList.java:1511)\r\n\tat org.testng.TestRunner.privateRun(TestRunner.java:739)\r\n\tat org.testng.TestRunner.run(TestRunner.java:614)\r\n\tat org.testng.SuiteRunner.runTest(SuiteRunner.java:421)\r\n\tat org.testng.SuiteRunner.runSequentially(SuiteRunner.java:413)\r\n\tat org.testng.SuiteRunner.privateRun(SuiteRunner.java:373)\r\n\tat org.testng.SuiteRunner.run(SuiteRunner.java:312)\r\n\tat org.testng.SuiteRunnerWorker.runSuite(SuiteRunnerWorker.java:52)\r\n\tat org.testng.SuiteRunnerWorker.run(SuiteRunnerWorker.java:95)\r\n\tat org.testng.TestNG.runSuitesSequentially(TestNG.java:1274)\r\n\tat org.testng.TestNG.runSuitesLocally(TestNG.java:1208)\r\n\tat org.testng.TestNG.runSuites(TestNG.java:1112)\r\n\tat org.testng.TestNG.run(TestNG.java:1079)\r\n\tat org.testng.remote.AbstractRemoteTestNG.run(AbstractRemoteTestNG.java:115)\r\n\tat org.testng.remote.RemoteTestNG.initAndRun(RemoteTestNG.java:293)\r\n\tat org.testng.remote.RemoteTestNG.main(RemoteTestNG.java:91)\r\nCaused by: com.microsoft.playwright.impl.DriverException: Error {\n  message='Document.evaluate: The expression is not a legal expression\nqueryAll@debugger eval code:5875:25\n_queryEngineAll@debugger eval code:6558:49\nquerySelectorAll@debugger eval code:6545:30\n@debugger eval code line 291 > eval:2:35\nevaluate@debugger eval code:293:16\n@debugger eval code:1:44\n\n  name='Error\n  stack='Error: Document.evaluate: The expression is not a legal expression\nqueryAll@debugger eval code:5875:25\n_queryEngineAll@debugger eval code:6558:49\nquerySelectorAll@debugger eval code:6545:30\n@debugger eval code line 291 > eval:2:35\nevaluate@debugger eval code:293:16\n@debugger eval code:1:44\n\n    at checkException (C:\\Users\\mofiz\\AppData\\Local\\Temp\\playwright-java-6266657144907837081\\package\\lib\\server\\firefox\\ffExecutionContext.js:105:11)\n    at FFExecutionContext.evaluateWithArguments (C:\\Users\\mofiz\\AppData\\Local\\Temp\\playwright-java-6266657144907837081\\package\\lib\\server\\firefox\\ffExecutionContext.js:75:5)\n    at async LongStandingScope._race (C:\\Users\\mofiz\\AppData\\Local\\Temp\\playwright-java-6266657144907837081\\package\\lib\\utils\\isomorphic\\manualPromise.js:94:14)\n    at async evaluateExpression (C:\\Users\\mofiz\\AppData\\Local\\Temp\\playwright-java-6266657144907837081\\package\\lib\\server\\javascript.js:217:12)\n    at async C:\\Users\\mofiz\\AppData\\Local\\Temp\\playwright-java-6266657144907837081\\package\\lib\\server\\frames.js:901:22\n    at async Frame.retryWithProgressAndTimeouts (C:\\Users\\mofiz\\AppData\\Local\\Temp\\playwright-java-6266657144907837081\\package\\lib\\server\\frames.js:871:24)\n    at async Frame.click (C:\\Users\\mofiz\\AppData\\Local\\Temp\\playwright-java-6266657144907837081\\package\\lib\\server\\frames.js:944:27)\n    at async FrameDispatcher.click (C:\\Users\\mofiz\\AppData\\Local\\Temp\\playwright-java-6266657144907837081\\package\\lib\\server\\dispatchers\\frameDispatcher.js:117:12)\n    at async ProgressController.run (C:\\Users\\mofiz\\AppData\\Local\\Temp\\playwright-java-6266657144907837081\\package\\lib\\server\\progress.js:139:41)\n    at async FrameDispatcher._runCommand (C:\\Users\\mofiz\\AppData\\Local\\Temp\\playwright-java-6266657144907837081\\package\\lib\\server\\dispatchers\\dispatcher.js:91:14)\n}\nCall log:\n-   - waiting for locator(\"//select[@id='userSelect'] option[value='2']\")\n\r\n\tat com.microsoft.playwright.impl.Connection.dispatch(Connection.java:262)\r\n\tat com.microsoft.playwright.impl.Connection.processOneMessage(Connection.java:214)\r\n\tat com.microsoft.playwright.impl.ChannelOwner.runUntil(ChannelOwner.java:136)\r\n\t... 35 more\r\n","flaky":false,"newFailed":false,"newBroken":false,"newPassed":false,"retriesCount":0,"retriesStatusChange":false,"beforeStages":[{"name":"testSetup","time":{"start":1757007669262,"stop":1757007683762,"duration":14500},"description":"","status":"passed","steps":[],"attachments":[],"parameters":[],"stepsCount":0,"attachmentStep":false,"hasContent":false,"shouldDisplayMessage":false,"attachmentsCount":0}],"afterStages":[{"name":"tearDown","time":{"start":1757007686581,"stop":1757007686634,"duration":53},"description":"","status":"passed","steps":[],"attachments":[],"parameters":[],"stepsCount":0,"attachmentStep":false,"hasContent":false,"shouldDisplayMessage":false,"attachmentsCount":0}],"labels":[{"name":"package","value":"TestPackge.AcctPageTesting"},{"name":"testClass","value":"TestPackge.AcctPageTesting"},{"name":"testMethod","value":"welcomeMsg"},{"name":"parentSuite","value":"Default suite"},{"name":"suite","value":"Default test"},{"name":"subSuite","value":"TestPackge.AcctPageTesting"},{"name":"host","value":"Rahman2202"},{"name":"thread","value":"44272@Rahman2202.main(1)"},{"name":"framework","value":"testng"},{"name":"language","value":"java"},{"name":"resultFormat","value":"allure2"}],"parameters":[],"links":[],"hidden":true,"retry":true,"extra":{"categories":[],"tags":[]},"source":"1ce655189f3f6f6b.json","parameterValues":[]}